<?xml version="1.0" encoding="UTF-8"?>
<!-- Generated by org.testng.reporters.JUnitReportReporter -->
<testsuite skipped="0" hostname="sarthakgiri-HP-ProBook-440-G4" name="co.wipro.selenium.automation.flows.PrepaidNSO" tests="1" failures="0" timestamp="2022-03-18T21:04:49 IST" time="150.266" errors="0">
  <testcase name="mainMethod" time="150.266" classname="co.wipro.selenium.automation.flows.PrepaidNSO"/>
  <system-out>
    <![CDATA[Website load: "https://www.verizon.com/"... SUCCESSFUL!
Flow Start Date and Time: Fri Mar 18 21:02:19 IST 2022
Button click: "VERIZON_SHOP"... SUCCESSFUL!
Button click: "VERIZON_PREPAID_MENU"... SUCCESSFUL!
Button click: "VERIZON_PREPAID_OVERVIEW"... SUCCESSFUL!
Button click: "VERIZON_BYOD"... SUCCESSFUL!
Button click: "VERIZON_JOIN"... SUCCESSFUL!
Button click: "VERIZON_SMARTPHONE_DEVICE"... SUCCESSFUL!
Button click: "VERIZON_CONTINUE_BUTTON"... SUCCESSFUL!
Button click: "VERIZON_I_DONT_KNOW"... SUCCESSFUL!
Sending Key to: "VERIZON_IMEI_NUMBER_FIELD"... SUCCESSFUL!
Button click: "VERIZON_CHECK_MY_DEVICE"... SUCCESSFUL!
Button click: "VERIZON_ADD_SIM"... SUCCESSFUL!
Sending Key to: "VERIZON_ZIP_CODE_FIELD"... SUCCESSFUL!
Button click: "VERIZON_REMEMBER_MY_LOCATION"... SUCCESSFUL!
Button click: "VERIZON_CONFIRM_LOCATION"... SUCCESSFUL!
Button click: "VERIZON_LINE_PLAN"... SUCCESSFUL!
Button click: "VERIZON_SELECT_PLAN"... SUCCESSFUL!
Button click: "VERIZON_DECLINE_INTERNATIONAL_PLAN"... SUCCESSFUL!]]>
  </system-out>
</testsuite> <!-- co.wipro.selenium.automation.flows.PrepaidNSO -->
