<?xml version="1.0" encoding="UTF-8"?>
<!-- Generated by org.testng.reporters.JUnitReportReporter -->
<testsuite hostname="sarthakgiri-HP-ProBook-440-G4" failures="0" tests="1" name="co.wipro.selenium.automation.flows.PrepaidNSO" time="137.559" errors="0" timestamp="2022-02-24T13:30:39 IST" skipped="0">
  <testcase classname="co.wipro.selenium.automation.flows.PrepaidNSO" name="mainMethod" time="137.559"/>
  <system-out>
    <![CDATA[Website load: "https://www.verizon.com/"... SUCCESSFUL!
Flow Start Date and Time: Thu Feb 24 13:28:21 IST 2022
Button click: "VERIZON_SHOP"... SUCCESSFUL!
Button click: "VERIZON_PREPAID_MENU"... SUCCESSFUL!
Button click: "VERIZON_PREPAID_OVERVIEW"... SUCCESSFUL!
Button click: "VERIZON_BYOD"... SUCCESSFUL!
Button click: "VERIZON_JOIN"... SUCCESSFUL!
Button click: "VERIZON_SMARTPHONE_DEVICE"... SUCCESSFUL!
Button click: "VERIZON_CONTINUE_BUTTON"... SUCCESSFUL!
Button click: "VERIZON_I_DONT_KNOW"... SUCCESSFUL!
Sending Key to: "VERIZON_IMEI_NUMBER_FIELD"... SUCCESSFUL!
Button click: "VERIZON_CHECK_MY_DEVICE"... SUCCESSFUL!
Button click: "VERIZON_ADD_SIM"... SUCCESSFUL!
Sending Key to: "VERIZON_ZIP_CODE_FIELD"... SUCCESSFUL!
Button click: "VERIZON_REMEMBER_MY_LOCATION"... SUCCESSFUL!
Button click: "VERIZON_CONFIRM_LOCATION"... SUCCESSFUL!
Button click: "VERIZON_LINE_PLAN"... SUCCESSFUL!
Button click: "VERIZON_SELECT_PLAN"... SUCCESSFUL!
Button click: "VERIZON_DECLINE_INTERNATIONAL_PLAN"... SUCCESSFUL!]]>
  </system-out>
</testsuite> <!-- co.wipro.selenium.automation.flows.PrepaidNSO -->
