<?xml version="1.0" encoding="UTF-8"?>
<!-- Generated by org.testng.reporters.JUnitReportReporter -->
<testsuite hostname="sarthakgiri-HP-ProBook-440-G4" failures="0" tests="1" name="co.wipro.selenium.automation.flows.PrepaidNSO" time="162.840" errors="0" timestamp="2022-02-18T18:07:24 IST" skipped="0">
  <testcase classname="co.wipro.selenium.automation.flows.PrepaidNSO" name="mainMethod" time="162.840"/>
  <system-out>
    <![CDATA[Current Date and Time: Fri Feb 18 18:04:40 IST 2022]]>
  </system-out>
</testsuite> <!-- co.wipro.selenium.automation.flows.PrepaidNSO -->
