<?xml version="1.0" encoding="UTF-8"?>
<!-- Generated by org.testng.reporters.JUnitReportReporter -->
<testsuite hostname="sarthakgiri-HP-ProBook-440-G4" failures="0" tests="1" name="co.wipro.selenium.automation.flows.PrepaidNSO" time="153.362" errors="0" timestamp="2022-02-06T14:44:10 IST" skipped="0">
  <testcase classname="co.wipro.selenium.automation.flows.PrepaidNSO" name="mainMethod" time="153.362"/>
  <system-out/>
</testsuite> <!-- co.wipro.selenium.automation.flows.PrepaidNSO -->
